<?xml version="1.0" encoding="UTF-8"?>
<!-- Generated by org.testng.reporters.JUnitXMLReporter -->
<testsuite ignored="0" hostname="asd-Lenovo-IdeaPad-S145-14IWL" failures="0" tests="4" name="Test" time="118.03" errors="0" timestamp="2022-12-27T15:55:15 PKT">
  <testcase classname="creatingAndAccessingWallet.CreateAndAccessWalletMnemonic" name="accessWalletMnemonic" time="25.005"/>
  <testcase classname="creatingAndAccessingWallet.CreateAndAccessWalletMnemonic" name="createWallet" time="28.004"/>
  <testcase classname="creatingAndAccessingWallet.CreateAndAccessWalletKeystore" name="accessWalletKeystore" time="20.002"/>
  <testcase classname="creatingAndAccessingWallet.CreateAndAccessWalletKeystore" name="createWallet" time="28.005"/>
</testsuite> <!-- Test -->
